3.1 0.0 A -2.25 -0.06480 0.00745 0.606 9.94e-11 -1.48 -9.3400 0.172 1.02e-12 1.146 1.244 
3.1 1.0 A -2.17 -0.03820 0.00373 0.586 3.79e-10 -1.46 -10.300 0.174 1.09e-12 1.137 1.251 
3.1 2.0 A -2.04 -0.11100 0.00828 0.543 5.57e-11 -1.43 -11.700 0.173 1.27e-12 1.130 1.254 
3.1 3.0 A -1.91 -0.12500 0.00837 0.499 4.15e-11 -1.41 -11.500 0.171 1.33e-12 1.119 1.260
3.1 4.0 A -1.84 -0.13200 0.00898 0.489 2.90e-11 -2.10 -0.1140 0.169 1.26e-13 1.113 1.290
3.1 5.0 A -1.72 -0.32200 0.02540 0.438 3.20e-12 -2.10 -0.0407 0.166 1.27e-13 1.098 1.304  
3.1 6.0 A -1.54 -0.16500 0.01070 0.428 9.99e-12 -2.21  0.3000 0.164 1.00e-13 1.092 1.322
4.0 0.0 A -2.26 -0.19900 0.02410 0.861 5.47e-12 -2.03  0.6680 0.189 5.20e-14 1.000 1.100
4.0 1.0 A -2.16 -0.08620 0.00867 0.803 4.58e-11 -2.05  0.8320 0.188 4.81e-14 0.992 1.103  
4.0 2.0 A -2.01 -0.09730 0.00811 0.696 3.96e-11 -2.06  0.9950 0.185 4.70e-14 0.974 1.112
4.0 3.0 A -1.83 -0.17500 0.01170 0.604 1.42e-11 -2.08  1.2900 0.184 4.26e-14 0.957 1.121
4.0 4.0 A -1.64 -0.24700 0.01520 0.536 5.83e-12 -2.09  1.5800 0.183 3.94e-14 0.933 1.145 
5.5 0.0 A -2.35 -0.66800 0.14800 1.960 4.82e-14 -1.57  1.1000 0.198 4.24e-14 0.889 1.076 
5.5 1.0 A -2.12 -0.67000 0.06860 1.350 3.65e-13 -1.57  1.2500 0.197 4.00e-14 0.848 1.078
5.5 2.0 A -1.94 -0.85300 0.07860 0.921 2.57e-13 -1.55  1.3300 0.195 4.05e-14 0.804 1.095
5.5 3.0 A -1.61 -0.72200 0.04180 0.720 7.58e-13 -1.59  2.1200 0.193 3.20e-14 0.768 1.118 
4.0 0.0 B -2.62 -0.01440 0.01870 5.740 6.46e-12 -2.01  0.8940 0.198 4.95e-14 1.111 1.309
4.0 1.0 B -2.52 -0.05410 0.03660 6.650 1.08e-12 -2.11  1.5800 0.197 3.69e-14 1.111 1.309
4.0 2.0 B -2.36 -0.09570 0.03050 6.440 1.62e-12 -2.05  1.1900 0.197 4.37e-14 1.111 1.309
4.0 3.0 B -2.09 -0.19300 0.01990 4.600 4.21e-12 -2.10  1.6400 0.198 3.63e-14 1.111 1.309
4.0 4.0 B -1.96 -0.81300 0.06930 3.480 2.95e-13 -2.11  2.1000 0.198 3.13e-14 1.111 1.309
5.5 0.0 B -2.80  0.03560 0.02030 3.430 2.74e-12 -1.09 -0.3700 0.218 1.17e-13 1.111 1.309
5.5 1.0 B -2.67  0.01290 0.01340 3.440 7.25e-12 -1.14 -0.1950 0.216 1.05e-13 1.111 1.309
5.5 2.0 B -2.45 -0.00132 0.02750 5.140 8.79e-13 -1.08 -0.3360 0.216 1.17e-13 1.111 1.309
5.5 3.0 B -1.90 -0.05170 0.01200 7.280 2.86e-12 -1.13 -0.1090 0.211 1.04e-13 1.111 1.309














